mode: set
bookingApp/internal/handlers/handlers.go:27.62,32.2 1 0
bookingApp/internal/handlers/handlers.go:34.51,39.2 1 1
bookingApp/internal/handlers/handlers.go:42.33,44.2 1 1
bookingApp/internal/handlers/handlers.go:47.67,49.2 1 1
bookingApp/internal/handlers/handlers.go:52.68,55.2 1 1
bookingApp/internal/handlers/handlers.go:58.74,60.9 2 1
bookingApp/internal/handlers/handlers.go:60.9,64.3 3 1
bookingApp/internal/handlers/handlers.go:66.2,67.16 2 1
bookingApp/internal/handlers/handlers.go:67.16,71.3 3 1
bookingApp/internal/handlers/handlers.go:73.2,91.4 10 1
bookingApp/internal/handlers/handlers.go:95.78,97.16 2 1
bookingApp/internal/handlers/handlers.go:97.16,101.3 3 1
bookingApp/internal/handlers/handlers.go:103.2,108.16 5 1
bookingApp/internal/handlers/handlers.go:108.16,112.3 3 1
bookingApp/internal/handlers/handlers.go:113.2,114.16 2 1
bookingApp/internal/handlers/handlers.go:114.16,118.3 3 1
bookingApp/internal/handlers/handlers.go:120.2,121.16 2 1
bookingApp/internal/handlers/handlers.go:121.16,125.3 3 1
bookingApp/internal/handlers/handlers.go:127.2,142.19 6 1
bookingApp/internal/handlers/handlers.go:142.19,151.3 5 1
bookingApp/internal/handlers/handlers.go:153.2,154.16 2 1
bookingApp/internal/handlers/handlers.go:154.16,158.3 3 1
bookingApp/internal/handlers/handlers.go:160.2,169.16 3 1
bookingApp/internal/handlers/handlers.go:169.16,173.3 3 1
bookingApp/internal/handlers/handlers.go:175.2,177.66 2 1
bookingApp/internal/handlers/handlers.go:181.71,183.2 1 1
bookingApp/internal/handlers/handlers.go:186.69,188.2 1 1
bookingApp/internal/handlers/handlers.go:191.81,193.2 1 1
bookingApp/internal/handlers/handlers.go:196.85,202.16 5 1
bookingApp/internal/handlers/handlers.go:202.16,206.3 3 1
bookingApp/internal/handlers/handlers.go:207.2,208.16 2 0
bookingApp/internal/handlers/handlers.go:208.16,212.3 3 0
bookingApp/internal/handlers/handlers.go:214.2,215.16 2 0
bookingApp/internal/handlers/handlers.go:215.16,219.3 3 0
bookingApp/internal/handlers/handlers.go:221.2,221.21 1 0
bookingApp/internal/handlers/handlers.go:221.21,225.3 3 0
bookingApp/internal/handlers/handlers.go:227.2,239.4 5 0
bookingApp/internal/handlers/handlers.go:251.79,258.16 5 0
bookingApp/internal/handlers/handlers.go:258.16,261.3 2 0
bookingApp/internal/handlers/handlers.go:262.2,263.16 2 0
bookingApp/internal/handlers/handlers.go:263.16,266.3 2 0
bookingApp/internal/handlers/handlers.go:268.2,269.16 2 0
bookingApp/internal/handlers/handlers.go:269.16,272.3 2 0
bookingApp/internal/handlers/handlers.go:274.2,275.16 2 0
bookingApp/internal/handlers/handlers.go:275.16,278.3 2 0
bookingApp/internal/handlers/handlers.go:280.2,289.16 3 0
bookingApp/internal/handlers/handlers.go:289.16,292.3 2 0
bookingApp/internal/handlers/handlers.go:294.2,295.14 2 0
bookingApp/internal/handlers/handlers.go:299.70,301.2 1 1
bookingApp/internal/handlers/handlers.go:304.81,306.9 2 0
bookingApp/internal/handlers/handlers.go:306.9,311.3 4 0
bookingApp/internal/handlers/handlers.go:313.2,316.16 3 0
bookingApp/internal/handlers/handlers.go:316.16,319.3 2 0
bookingApp/internal/handlers/handlers.go:321.2,335.4 9 0
bookingApp/internal/handlers/handlers.go:339.73,341.16 2 0
bookingApp/internal/handlers/handlers.go:341.16,344.3 2 0
bookingApp/internal/handlers/handlers.go:346.2,347.9 2 0
bookingApp/internal/handlers/handlers.go:347.9,350.3 2 0
bookingApp/internal/handlers/handlers.go:352.2,356.63 3 0
bookingApp/internal/handlers/handlers.go:360.71,367.16 6 0
bookingApp/internal/handlers/handlers.go:367.16,370.3 2 0
bookingApp/internal/handlers/handlers.go:371.2,372.16 2 0
bookingApp/internal/handlers/handlers.go:372.16,375.3 2 0
bookingApp/internal/handlers/handlers.go:377.2,378.16 2 0
bookingApp/internal/handlers/handlers.go:378.16,381.3 2 0
bookingApp/internal/handlers/handlers.go:383.2,392.71 7 0
