mode: set
bookingApp/internal/handlers/handlers.go:27.62,32.2 1 0
bookingApp/internal/handlers/handlers.go:34.51,39.2 1 1
bookingApp/internal/handlers/handlers.go:42.33,44.2 1 1
bookingApp/internal/handlers/handlers.go:47.67,49.2 1 1
bookingApp/internal/handlers/handlers.go:52.68,55.2 1 1
bookingApp/internal/handlers/handlers.go:58.74,60.9 2 1
bookingApp/internal/handlers/handlers.go:60.9,64.3 3 1
bookingApp/internal/handlers/handlers.go:66.2,82.4 9 1
bookingApp/internal/handlers/handlers.go:86.78,88.16 2 1
bookingApp/internal/handlers/handlers.go:88.16,92.3 3 1
bookingApp/internal/handlers/handlers.go:94.2,99.16 5 1
bookingApp/internal/handlers/handlers.go:99.16,103.3 3 1
bookingApp/internal/handlers/handlers.go:104.2,105.16 2 1
bookingApp/internal/handlers/handlers.go:105.16,109.3 3 1
bookingApp/internal/handlers/handlers.go:111.2,112.16 2 1
bookingApp/internal/handlers/handlers.go:112.16,116.3 3 1
bookingApp/internal/handlers/handlers.go:118.2,119.16 2 1
bookingApp/internal/handlers/handlers.go:119.16,123.3 3 1
bookingApp/internal/handlers/handlers.go:125.2,141.19 6 1
bookingApp/internal/handlers/handlers.go:141.19,150.3 5 1
bookingApp/internal/handlers/handlers.go:152.2,153.16 2 1
bookingApp/internal/handlers/handlers.go:153.16,157.3 3 1
bookingApp/internal/handlers/handlers.go:159.2,168.16 3 1
bookingApp/internal/handlers/handlers.go:168.16,172.3 3 0
bookingApp/internal/handlers/handlers.go:174.2,176.66 2 1
bookingApp/internal/handlers/handlers.go:180.71,182.2 1 1
bookingApp/internal/handlers/handlers.go:185.69,187.2 1 1
bookingApp/internal/handlers/handlers.go:190.81,192.2 1 1
bookingApp/internal/handlers/handlers.go:195.85,197.16 2 1
bookingApp/internal/handlers/handlers.go:197.16,201.3 3 1
bookingApp/internal/handlers/handlers.go:203.2,208.16 5 1
bookingApp/internal/handlers/handlers.go:208.16,212.3 3 1
bookingApp/internal/handlers/handlers.go:213.2,214.16 2 1
bookingApp/internal/handlers/handlers.go:214.16,218.3 3 1
bookingApp/internal/handlers/handlers.go:220.2,221.16 2 1
bookingApp/internal/handlers/handlers.go:221.16,225.3 3 1
bookingApp/internal/handlers/handlers.go:227.2,227.21 1 1
bookingApp/internal/handlers/handlers.go:227.21,231.3 3 1
bookingApp/internal/handlers/handlers.go:233.2,245.4 5 1
bookingApp/internal/handlers/handlers.go:257.79,259.16 2 1
bookingApp/internal/handlers/handlers.go:259.16,269.3 5 1
bookingApp/internal/handlers/handlers.go:271.2,277.16 5 1
bookingApp/internal/handlers/handlers.go:277.16,280.3 2 0
bookingApp/internal/handlers/handlers.go:281.2,282.16 2 1
bookingApp/internal/handlers/handlers.go:282.16,285.3 2 0
bookingApp/internal/handlers/handlers.go:287.2,288.16 2 1
bookingApp/internal/handlers/handlers.go:288.16,291.3 2 0
bookingApp/internal/handlers/handlers.go:293.2,294.16 2 1
bookingApp/internal/handlers/handlers.go:294.16,304.3 5 0
bookingApp/internal/handlers/handlers.go:306.2,317.14 4 1
bookingApp/internal/handlers/handlers.go:321.70,323.2 1 1
bookingApp/internal/handlers/handlers.go:326.81,328.9 2 1
bookingApp/internal/handlers/handlers.go:328.9,332.3 3 1
bookingApp/internal/handlers/handlers.go:334.2,348.4 9 1
bookingApp/internal/handlers/handlers.go:352.73,354.16 2 1
bookingApp/internal/handlers/handlers.go:354.16,358.3 3 1
bookingApp/internal/handlers/handlers.go:360.2,361.9 2 0
bookingApp/internal/handlers/handlers.go:361.9,365.3 3 0
bookingApp/internal/handlers/handlers.go:367.2,371.63 3 0
bookingApp/internal/handlers/handlers.go:375.71,385.16 8 1
bookingApp/internal/handlers/handlers.go:385.16,389.3 3 1
bookingApp/internal/handlers/handlers.go:391.2,400.62 7 1
